[instr] resuming: 2715 rows already in data/active_sft/instructions.jsonl
[instr] 2777 rows; teacher=True; judge=on; out=data/active_sft/instructions.jsonl
  e2a61b7c8776acace33d6cc75e051fc36f71db3ee1d34b72342e12429f913f6c: teacher_generated tags=['warmer', 'tint_green', 'darker', 'less_contrast', 'muted']
  a179384c9cc3dd2ae25911dba78cf2bd33765367e3cd51dd9fd1044797333e5f: teacher_generated tags=['warmer', 'tint_magenta', 'darker', 'less_contrast', 'muted']
  df6460335f87cab908bd47b56ee5834bce5bdd71610ba278db86c37f636e7342: teacher_generated tags=['tint_green', 'more_contrast', 'crushed_blacks']
  fd6607708025894769054415d49b1f38c75121db37f601182f12aa2325e1e893: teacher_generated tags=['warmer', 'tint_magenta', 'brighter', 'lifted_blacks', 'lifted_shadows', 'brighter_highlights']
  2884312278117ae8dc88c02441ee6b388c88015d8fb164f3118473d45e4cd4c2: teacher_generated tags=['darker', 'crushed_blacks']
  e129045e8ee7b350c6b15d40ea874f658d4e365f7601c2cf27d3f9b581898ee5: teacher_generated tags=['warmer', 'brighter', 'more_contrast', 'lifted_blacks', 'lifted_shadows', 'brighter_highlights', 'tint_green']
  27db561470372bbf2d0229cef71a12074d16ca82aa4887a961c2b55bac2199f6: teacher_generated tags=['brighter', 'brighter_highlights', 'lifted_blacks', 'lifted_shadows', 'less_contrast', 'muted', 'warmer', 'tint_magenta', 'faded']
  8d8f2e5869826e67179e9424bfdf737b64e111ba452b6458a8a7ca2029e20843: teacher_generated tags=['brighter', 'brighter_highlights', 'lifted_blacks', 'lifted_shadows', 'less_contrast', 'muted', 'warmer', 'tint_green', 'faded']
  49f2169a204cf7b38217c1d505211b987914fbf24c7efa881902ca070cca7d5e: teacher_generated tags=['warmer', 'tint_magenta', 'brighter', 'less_contrast', 'lifted_blacks', 'lifted_shadows']
  2260e60d30551bfebdafdf7fe70b3b6b4684f03c30e8742259992cb2dcca6ce9: teacher_generated tags=['warmer', 'brighter', 'more_saturated', 'lifted_blacks', 'lifted_shadows', 'tint_green']
  3788efb22f45ae07d1534714d9797356e761951c223fc5ffc50233812758e1c7: teacher_generated tags=['brighter', 'brighter_highlights', 'warmer', 'tint_magenta', 'less_contrast', 'muted', 'lifted_blacks', 'lifted_shadows', 'faded']
  b4254397d95ef614e446ac5b689b91e7cc4e1fa0077b268cd794b1bed2ae35f6: teacher_generated tags=['tint_green', 'more_contrast']
  3005fad05cb9a2ff4b210ea1a7c0da8d7487f90f81bb54ec8fa138da026e2957: rejected_teacher tags=['darker', 'less_contrast', 'crushed_blacks', 'warmer', 'tint_green']
  e27eb01a1f7eaf1b249d60f3ca2ecbaf9dd7327367f0fa815b7bcdf03390747b: teacher_generated tags=['darker', 'less_contrast', 'tint_green']
  44833c6f6802e0cb5ea4662de6cada54876f9b3a5973d1f96bb73ad8c296f532: rejected_teacher tags=['less_contrast', 'darker'] issues=['tag_not_backed:darker']
  b840d0a87b15fdd6241865ff77588d8fab95e655fabfa04dc32fec46a92d63a7: rejected_teacher tags=['darker', 'muted'] issues=['tag_not_backed:darker', 'tag_not_backed:muted']
  ddc10eaee84cfb38a8903f7b74b07439fb1e9c4d98292821bc916960594d4505: teacher_generated tags=['warmer', 'brighter', 'lifted_blacks', 'lifted_shadows', 'brighter_highlights', 'tint_green']
  1e650d01c2527a5f4367d99f7e3b7a1fb59883cb1a37f063d00faf0ef95396ba: teacher_generated tags=['matte', 'lifted_blacks', 'lifted_shadows', 'less_contrast', 'warmer', 'brighter']
  778faa14fc0d45e4bcae08f34d6a01f0cb183367519b030d8548feef0a080293: teacher_generated tags=['darker', 'cooler', 'tint_magenta', 'less_contrast']
  480c0db22768dda24111414cf8a41165caf03b4b5dd4102fb3c5349291083c4c: teacher_generated tags=['darker', 'less_contrast', 'matte']
  7e0cf3ad468b1734dfbd3d6245751f4e4e7405015ff6c03d0307e4cbd46c5c35: teacher_generated tags=['darker', 'less_contrast', 'lifted_blacks', 'lifted_shadows', 'matte', 'faded']
  0cb1b37755002b39516ccb908244f3408b6e0deaf773c5047d361f7c862ad8a3: teacher_generated tags=['brighter', 'brighter_highlights', 'lifted_blacks', 'lifted_shadows', 'less_contrast', 'more_saturated', 'tint_magenta', 'faded']
  37e14b0207af176b2360a8a04bcbf69b1e921edbc3b41cbf86063fec3d5ec6cc: teacher_generated tags=['lifted_blacks', 'lifted_shadows', 'less_contrast', 'tint_magenta', 'matte']
  a84bf9c3947449738635b1ec7b941b7861a704f96a600c695bee8b612dc0d3c6: rejected_teacher tags=['darker', 'less_contrast', 'warmer', 'muted'] issues=['tag_not_backed:muted']
  85727ec9b6771ae162d622dcebe141ec2e39a98082b1570fa43fd8f6d37d6904: rejected_teacher tags=['crushed_blacks', 'more_contrast'] issues=['tag_not_backed:more_contrast']
  14d2ca3c54406992f0776d8258d7299215f4777e5dd81ddaf01c35f552a3a5f2: teacher_generated tags=['warmer', 'tint_green', 'darker', 'less_contrast', 'muted', 'crushed_blacks']
  5945a6338c8f9545ab69da5fd8b5bb282ae380121d3da143543128c7cdd63d7f: teacher_generated tags=['warmer', 'tint_green', 'more_contrast', 'muted', 'crushed_blacks', 'brighter_highlights', 'cinematic']
  6e22d7741b9638e902b92302b3b0d96dc738c038104c55ee2748ebbc68ce4a4d: teacher_generated tags=['warmer', 'tint_green', 'more_contrast', 'muted', 'crushed_blacks', 'brighter_highlights', 'cinematic']
  2463d74819028d264e40e67c7adbab492af018c866f7002386fc651b7011051b: rejected_teacher tags=['muted', 'crushed_blacks', 'brighter_highlights', 'more_contrast'] issues=['tag_not_backed:more_contrast']
  a7437fb5b74129daa81ac8262cb12761aacb519834a3b226689fd93400bf9d58: rejected_teacher tags=['cooler', 'tint_green', 'darker', 'less_contrast', 'muted']
  96199134fa0e4a279cdf6a528cfa16847f69b70561a5653a8b89deeb7534c6c9: teacher_generated tags=['tint_magenta', 'muted', 'crushed_blacks', 'brighter_highlights']
  6c00da3b52ff7ef0ef23995ab5994050d12145856fad6d99324ac32b271273aa: teacher_generated tags=['cooler', 'tint_magenta', 'brighter', 'less_contrast', 'muted', 'crushed_blacks']
  15af03fcbd9878964f0ddc053cde52fda7763f522c9342f3fd0df1c63b686d1e: teacher_generated tags=['tint_green', 'brighter', 'more_contrast', 'muted', 'crushed_blacks', 'brighter_highlights']
  d1f86b672245d0279f93d12dc5f658b323a2e686a9502bde94e361244e9f6633: teacher_generated tags=['matte', 'brighter', 'lifted_blacks', 'lifted_shadows', 'muted', 'warmer', 'tint_magenta', 'less_contrast']
  f23113ea74253cfd009a396b91f325838a3e9549f25f49c60218ee2663dd6219: teacher_generated tags=['tint_green', 'darker', 'less_contrast']
  00b3b8770b36dd2f8bce6f80ee05e81dd7c74a87b5d59f6432f8d5472d788c61: teacher_generated tags=['tint_green', 'brighter', 'more_contrast', 'muted', 'crushed_blacks', 'brighter_highlights']
  3937278b4172dee286bbb883cfaafe0499ad29a9da35aad3619459538edd0456: teacher_generated tags=['warmer', 'tint_green', 'brighter', 'more_contrast', 'muted', 'crushed_blacks', 'brighter_highlights']
  bfde7b9a35a1d28f0ea5f04f40e3e0419c5f4c88f616bfb138abfab2f394b04d: rejected_teacher tags=['darker', 'muted', 'crushed_blacks', 'brighter_highlights', 'more_contrast'] issues=['tag_not_backed:more_contrast']
  02a5cebe774e5055d0fc32efe74bce0fd266c35a04ea90b273cf9315325fd5c5: rejected_teacher tags=['muted', 'crushed_blacks', 'brighter_highlights', 'tint_magenta', 'more_contrast'] issues=['tag_not_backed:more_contrast']
  e066fc69a8d50b3a94a68744de43d7ab85b331c448f8a7f0e9e5bf7c5d089df3: rejected_teacher tags=['muted', 'crushed_blacks', 'brighter_highlights', 'tint_magenta', 'more_contrast'] issues=['tag_not_backed:more_contrast']
  c4c459d58e13b1649121789d14c8fa7530849e573c2e1fe50be71f7f9f514793: teacher_generated tags=['muted', 'tint_green', 'brighter_highlights', 'crushed_blacks', 'more_contrast', 'brighter']
  1c09a99c1338bd7015a96609f0b081618ef31a42062313c0a34f4548f5b01e7b: teacher_generated tags=['matte', 'muted', 'warmer', 'lifted_blacks', 'lifted_shadows', 'less_contrast']
  994f4ae290c77e5abaacf8bcdba2a4d856bf79156fab89db89cfbdca5c559f31: rejected_teacher tags=['warmer', 'less_contrast', 'darker'] issues=['tag_not_backed:darker']
  fa322336b65138c2fec10a9be8a9ce2c063d868c827bf7178034b8dfce4f2ee8: teacher_generated tags=['brighter', 'brighter_highlights', 'more_saturated', 'crushed_blacks', 'less_contrast']
  fdd9c1ccdc2f39e404ab14a30a3157e710fded1b31a6f4d639b1252063fd1acd: rejected_teacher tags=['darker', 'muted', 'crushed_blacks', 'brighter_highlights', 'more_contrast'] issues=['tag_not_backed:more_contrast']
  27517d1f6534bd9c0e53452a857552f9167050a28d446b615af1533b74203b6b: teacher_generated tags=['warmer', 'tint_magenta', 'brighter', 'less_contrast', 'muted', 'crushed_blacks', 'matte']
[instr] done: {'generated': 34, 'rejected': 12, 'error': 0, 'dry_run': 0, 'skipped': 2731, 'authored': 0} -> data/active_sft/instructions.jsonl (manifest: data/active_sft/instruction_gen_manifest.json)
