[pipeline] STAGE 4+5 derive/canonicalize/gates: 6065 rows
[pipeline] derive 25/6065 gold=13 diag=7 rej=4
[pipeline] derive 50/6065 gold=32 diag=9 rej=8
[pipeline] derive 75/6065 gold=33 diag=33 rej=8
[pipeline] derive 100/6065 gold=33 diag=57 rej=9
[pipeline] derive 125/6065 gold=33 diag=75 rej=16
[pipeline] derive 150/6065 gold=33 diag=89 rej=27
[pipeline] derive 175/6065 gold=34 diag=105 rej=35
[pipeline] derive 200/6065 gold=34 diag=113 rej=52
[pipeline] derive 225/6065 gold=36 diag=126 rej=62
[pipeline] derive 250/6065 gold=36 diag=151 rej=62
[pipeline] derive 275/6065 gold=36 diag=167 rej=71
[pipeline] derive 300/6065 gold=36 diag=190 rej=73
[pipeline] derive 325/6065 gold=36 diag=205 rej=83
[pipeline] derive 350/6065 gold=36 diag=219 rej=94
[pipeline] derive 375/6065 gold=37 diag=235 rej=102
[pipeline] derive 400/6065 gold=37 diag=240 rej=122
[pipeline] derive 425/6065 gold=37 diag=260 rej=127
[pipeline] derive 450/6065 gold=37 diag=276 rej=136
[pipeline] derive 475/6065 gold=37 diag=294 rej=143
[pipeline] derive 500/6065 gold=37 diag=317 rej=145
[pipeline] derive 525/6065 gold=37 diag=336 rej=151
[pipeline] derive 550/6065 gold=37 diag=352 rej=160
[pipeline] derive 575/6065 gold=37 diag=366 rej=171
[pipeline] derive 600/6065 gold=37 diag=379 rej=183
[pipeline] derive 625/6065 gold=37 diag=391 rej=196
[pipeline] derive 650/6065 gold=37 diag=406 rej=206
[pipeline] derive 675/6065 gold=37 diag=411 rej=226
[pipeline] derive 700/6065 gold=37 diag=434 rej=228
[pipeline] derive 725/6065 gold=37 diag=451 rej=236
[pipeline] derive 750/6065 gold=37 diag=463 rej=249
[pipeline] derive 775/6065 gold=37 diag=477 rej=260
[pipeline] derive 800/6065 gold=37 diag=497 rej=265
[pipeline] derive 825/6065 gold=37 diag=512 rej=275
[pipeline] derive 850/6065 gold=37 diag=531 rej=281
[pipeline] derive 875/6065 gold=37 diag=552 rej=285
[pipeline] derive 900/6065 gold=37 diag=566 rej=296
[pipeline] derive 925/6065 gold=37 diag=580 rej=307
[pipeline] derive 950/6065 gold=37 diag=592 rej=320
[pipeline] derive 975/6065 gold=37 diag=608 rej=329
[pipeline] derive 1000/6065 gold=37 diag=620 rej=342
[pipeline] derive 1025/6065 gold=37 diag=635 rej=352
[pipeline] derive 1050/6065 gold=37 diag=652 rej=360
[pipeline] derive 1075/6065 gold=37 diag=666 rej=371
[pipeline] derive 1100/6065 gold=37 diag=680 rej=382
[pipeline] derive 1125/6065 gold=37 diag=695 rej=392
[pipeline] derive 1150/6065 gold=37 diag=708 rej=404
[pipeline] derive 1175/6065 gold=37 diag=721 rej=416
[pipeline] derive 1200/6065 gold=37 diag=729 rej=433
[pipeline] derive 1225/6065 gold=37 diag=743 rej=444
[pipeline] derive 1250/6065 gold=37 diag=752 rej=460
[pipeline] derive 1275/6065 gold=37 diag=765 rej=472
[pipeline] derive 1300/6065 gold=37 diag=776 rej=486
[pipeline] derive 1325/6065 gold=37 diag=786 rej=501
[pipeline] derive 1350/6065 gold=37 diag=800 rej=512
[pipeline] derive 1375/6065 gold=37 diag=820 rej=517
[pipeline] derive 1400/6065 gold=37 diag=832 rej=530
[pipeline] derive 1425/6065 gold=37 diag=845 rej=542
[pipeline] derive 1450/6065 gold=37 diag=861 rej=551
[pipeline] derive 1475/6065 gold=37 diag=872 rej=565
[pipeline] derive 1500/6065 gold=37 diag=895 rej=567
[pipeline] derive 1525/6065 gold=37 diag=903 rej=584
[pipeline] derive 1550/6065 gold=37 diag=917 rej=595
[pipeline] derive 1575/6065 gold=37 diag=935 rej=602
[pipeline] derive 1600/6065 gold=37 diag=949 rej=613
[pipeline] derive 1625/6065 gold=37 diag=963 rej=624
[pipeline] derive 1650/6065 gold=37 diag=975 rej=637
[pipeline] derive 1675/6065 gold=37 diag=991 rej=646
[pipeline] derive 1700/6065 gold=37 diag=1009 rej=653
[pipeline] derive 1725/6065 gold=37 diag=1026 rej=661
[pipeline] derive 1750/6065 gold=37 diag=1038 rej=674
[pipeline] derive 1775/6065 gold=37 diag=1056 rej=681
[pipeline] derive 1800/6065 gold=37 diag=1067 rej=695
[pipeline] derive 1825/6065 gold=37 diag=1083 rej=704
[pipeline] derive 1850/6065 gold=37 diag=1101 rej=711
[pipeline] derive 1875/6065 gold=37 diag=1118 rej=719
[pipeline] derive 1900/6065 gold=37 diag=1133 rej=729
[pipeline] derive 1925/6065 gold=37 diag=1151 rej=736
[pipeline] derive 1950/6065 gold=37 diag=1165 rej=747
[pipeline] derive 1975/6065 gold=37 diag=1182 rej=755
[pipeline] derive 2000/6065 gold=37 diag=1196 rej=766
[pipeline] derive 2025/6065 gold=37 diag=1211 rej=776
[pipeline] derive 2050/6065 gold=37 diag=1225 rej=787
[pipeline] derive 2075/6065 gold=37 diag=1238 rej=799
[pipeline] derive 2100/6065 gold=37 diag=1255 rej=807
[pipeline] derive 2125/6065 gold=37 diag=1270 rej=817
[pipeline] derive 2150/6065 gold=37 diag=1286 rej=826
[pipeline] derive 2175/6065 gold=37 diag=1303 rej=834
[pipeline] derive 2200/6065 gold=37 diag=1319 rej=843
[pipeline] derive 2225/6065 gold=37 diag=1333 rej=854
[pipeline] derive 2250/6065 gold=37 diag=1349 rej=863
[pipeline] derive 2275/6065 gold=37 diag=1369 rej=868
[pipeline] derive 2300/6065 gold=37 diag=1384 rej=878
[pipeline] derive 2325/6065 gold=37 diag=1400 rej=887
[pipeline] derive 2350/6065 gold=37 diag=1413 rej=899
[pipeline] derive 2375/6065 gold=37 diag=1425 rej=912
[pipeline] derive 2400/6065 gold=37 diag=1445 rej=917
[pipeline] derive 2425/6065 gold=37 diag=1462 rej=925
[pipeline] derive 2450/6065 gold=37 diag=1478 rej=934
[pipeline] derive 2475/6065 gold=37 diag=1495 rej=942
[pipeline] derive 2500/6065 gold=37 diag=1502 rej=960
[pipeline] derive 2525/6065 gold=37 diag=1518 rej=969
[pipeline] derive 2550/6065 gold=37 diag=1531 rej=981
[pipeline] derive 2575/6065 gold=37 diag=1550 rej=987
[pipeline] derive 2600/6065 gold=37 diag=1565 rej=997
[pipeline] derive 2625/6065 gold=37 diag=1578 rej=1009
[pipeline] derive 2650/6065 gold=37 diag=1597 rej=1015
[pipeline] derive 2675/6065 gold=37 diag=1609 rej=1028
[pipeline] derive 2700/6065 gold=37 diag=1620 rej=1042
[pipeline] derive 2725/6065 gold=37 diag=1640 rej=1047
[pipeline] derive 2750/6065 gold=37 diag=1658 rej=1054
[pipeline] derive 2775/6065 gold=37 diag=1667 rej=1070
[pipeline] derive 2800/6065 gold=37 diag=1674 rej=1088
[pipeline] derive 2825/6065 gold=37 diag=1693 rej=1094
[pipeline] derive 2850/6065 gold=37 diag=1704 rej=1108
[pipeline] derive 2875/6065 gold=37 diag=1721 rej=1116
[pipeline] derive 2900/6065 gold=37 diag=1730 rej=1132
[pipeline] derive 2925/6065 gold=37 diag=1740 rej=1147
[pipeline] derive 2950/6065 gold=37 diag=1753 rej=1159
[pipeline] derive 2975/6065 gold=37 diag=1765 rej=1172
[pipeline] derive 3000/6065 gold=37 diag=1774 rej=1188
[pipeline] derive 3025/6065 gold=37 diag=1787 rej=1200
[pipeline] derive 3050/6065 gold=37 diag=1803 rej=1209
[pipeline] derive 3075/6065 gold=37 diag=1815 rej=1222
[pipeline] derive 3100/6065 gold=37 diag=1828 rej=1234
[pipeline] derive 3125/6065 gold=37 diag=1843 rej=1244
[pipeline] derive 3150/6065 gold=37 diag=1860 rej=1252
[pipeline] derive 3175/6065 gold=37 diag=1876 rej=1261
[pipeline] derive 3200/6065 gold=37 diag=1888 rej=1274
[pipeline] derive 3225/6065 gold=37 diag=1909 rej=1278
[pipeline] derive 3250/6065 gold=38 diag=1925 rej=1286
[pipeline] derive 3275/6065 gold=38 diag=1940 rej=1296
[pipeline] derive 3300/6065 gold=38 diag=1958 rej=1303
[pipeline] derive 3325/6065 gold=39 diag=1973 rej=1312
[pipeline] derive 3350/6065 gold=39 diag=1990 rej=1320
[pipeline] derive 3375/6065 gold=39 diag=2001 rej=1334
[pipeline] derive 3400/6065 gold=39 diag=2016 rej=1344
[pipeline] derive 3425/6065 gold=39 diag=2033 rej=1352
[pipeline] derive 3450/6065 gold=40 diag=2051 rej=1358
[pipeline] derive 3475/6065 gold=40 diag=2067 rej=1367
[pipeline] derive 3500/6065 gold=40 diag=2086 rej=1373
[pipeline] derive 3525/6065 gold=40 diag=2103 rej=1381
[pipeline] derive 3550/6065 gold=40 diag=2118 rej=1391
[pipeline] derive 3575/6065 gold=42 diag=2138 rej=1394
[pipeline] derive 3600/6065 gold=43 diag=2159 rej=1397
[pipeline] derive 3625/6065 gold=43 diag=2179 rej=1402
[pipeline] derive 3650/6065 gold=43 diag=2198 rej=1408
[pipeline] derive 3675/6065 gold=43 diag=2217 rej=1414
[pipeline] derive 3700/6065 gold=44 diag=2238 rej=1417
[pipeline] derive 3725/6065 gold=44 diag=2256 rej=1424
[pipeline] derive 3750/6065 gold=44 diag=2273 rej=1432
[pipeline] derive 3775/6065 gold=44 diag=2289 rej=1441
[pipeline] derive 3800/6065 gold=44 diag=2305 rej=1450
[pipeline] derive 3825/6065 gold=45 diag=2326 rej=1453
[pipeline] derive 3850/6065 gold=45 diag=2341 rej=1463
[pipeline] derive 3875/6065 gold=45 diag=2363 rej=1466
[pipeline] derive 3900/6065 gold=45 diag=2381 rej=1473
[pipeline] derive 3925/6065 gold=46 diag=2396 rej=1482
[pipeline] derive 3950/6065 gold=46 diag=2414 rej=1489
[pipeline] derive 3975/6065 gold=47 diag=2435 rej=1492
[pipeline] derive 4000/6065 gold=48 diag=2452 rej=1499
[pipeline] derive 4025/6065 gold=48 diag=2470 rej=1506
[pipeline] derive 4050/6065 gold=49 diag=2488 rej=1512
[pipeline] derive 4075/6065 gold=49 diag=2506 rej=1519
[pipeline] derive 4100/6065 gold=49 diag=2526 rej=1524
[pipeline] derive 4125/6065 gold=49 diag=2549 rej=1526
[pipeline] derive 4150/6065 gold=49 diag=2571 rej=1529
[pipeline] derive 4175/6065 gold=49 diag=2592 rej=1533
[pipeline] derive 4200/6065 gold=49 diag=2613 rej=1537
[pipeline] derive 4225/6065 gold=49 diag=2626 rej=1549
[pipeline] derive 4250/6065 gold=49 diag=2638 rej=1562
[pipeline] derive 4275/6065 gold=51 diag=2647 rej=1576
[pipeline] derive 4300/6065 gold=53 diag=2649 rej=1597
[pipeline] derive 4325/6065 gold=54 diag=2662 rej=1608
[pipeline] derive 4350/6065 gold=55 diag=2671 rej=1623
[pipeline] derive 4375/6065 gold=57 diag=2675 rej=1642
[pipeline] derive 4400/6065 gold=58 diag=2688 rej=1653
[pipeline] derive 4425/6065 gold=58 diag=2697 rej=1669
[pipeline] derive 4450/6065 gold=58 diag=2710 rej=1681
[pipeline] derive 4475/6065 gold=58 diag=2714 rej=1702
[pipeline] derive 4500/6065 gold=58 diag=2718 rej=1723
[pipeline] derive 4525/6065 gold=58 diag=2736 rej=1730
[pipeline] derive 4550/6065 gold=60 diag=2749 rej=1740
[pipeline] derive 4575/6065 gold=60 diag=2758 rej=1756
[pipeline] derive 4600/6065 gold=61 diag=2765 rej=1773
[pipeline] derive 4625/6065 gold=61 diag=2773 rej=1790
[pipeline] derive 4650/6065 gold=61 diag=2778 rej=1810
[pipeline] derive 4675/6065 gold=61 diag=2788 rej=1825
[pipeline] derive 4700/6065 gold=61 diag=2794 rej=1844
[pipeline] derive 4725/6065 gold=61 diag=2796 rej=1867
[pipeline] derive 4750/6065 gold=62 diag=2803 rej=1884
[pipeline] derive 4775/6065 gold=62 diag=2806 rej=1906
[pipeline] derive 4800/6065 gold=63 diag=2824 rej=1912
[pipeline] derive 4825/6065 gold=63 diag=2833 rej=1928
[pipeline] derive 4850/6065 gold=63 diag=2845 rej=1941
[pipeline] derive 4875/6065 gold=65 diag=2853 rej=1956
[pipeline] derive 4900/6065 gold=65 diag=2861 rej=1973
[pipeline] derive 4925/6065 gold=65 diag=2868 rej=1991
[pipeline] derive 4950/6065 gold=65 diag=2881 rej=2003
[pipeline] derive 4975/6065 gold=65 diag=2901 rej=2008
[pipeline] derive 5000/6065 gold=65 diag=2913 rej=2021
[pipeline] derive 5025/6065 gold=65 diag=2923 rej=2036
[pipeline] derive 5050/6065 gold=65 diag=2936 rej=2048
[pipeline] derive 5075/6065 gold=65 diag=2950 rej=2059
[pipeline] derive 5100/6065 gold=65 diag=2966 rej=2068
[pipeline] derive 5125/6065 gold=65 diag=2983 rej=2076
[pipeline] derive 5150/6065 gold=65 diag=3005 rej=2079
[pipeline] derive 5175/6065 gold=65 diag=3023 rej=2086
[pipeline] derive 5200/6065 gold=65 diag=3031 rej=2103
[pipeline] derive 5225/6065 gold=65 diag=3050 rej=2109
[pipeline] derive 5250/6065 gold=65 diag=3064 rej=2120
[pipeline] derive 5275/6065 gold=65 diag=3081 rej=2128
[pipeline] derive 5300/6065 gold=65 diag=3098 rej=2136
[pipeline] derive 5325/6065 gold=65 diag=3113 rej=2146
[pipeline] derive 5350/6065 gold=65 diag=3128 rej=2156
[pipeline] derive 5375/6065 gold=65 diag=3140 rej=2169
[pipeline] derive 5400/6065 gold=65 diag=3152 rej=2182
[pipeline] derive 5425/6065 gold=65 diag=3164 rej=2195
[pipeline] derive 5450/6065 gold=65 diag=3178 rej=2206
[pipeline] derive 5475/6065 gold=65 diag=3192 rej=2217
[pipeline] derive 5500/6065 gold=65 diag=3210 rej=2224
[pipeline] derive 5525/6065 gold=65 diag=3227 rej=2232
[pipeline] derive 5550/6065 gold=65 diag=3237 rej=2247
[pipeline] derive 5575/6065 gold=65 diag=3243 rej=2266
[pipeline] derive 5600/6065 gold=65 diag=3254 rej=2280
[pipeline] derive 5625/6065 gold=65 diag=3260 rej=2299
[pipeline] derive 5650/6065 gold=65 diag=3277 rej=2307
[pipeline] derive 5675/6065 gold=65 diag=3290 rej=2319
[pipeline] derive 5700/6065 gold=65 diag=3306 rej=2328
[pipeline] derive 5725/6065 gold=65 diag=3327 rej=2332
[pipeline] derive 5750/6065 gold=65 diag=3340 rej=2344
[pipeline] derive 5775/6065 gold=65 diag=3354 rej=2355
[pipeline] derive 5800/6065 gold=65 diag=3370 rej=2364
[pipeline] derive 5825/6065 gold=65 diag=3387 rej=2372
[pipeline] derive 5850/6065 gold=65 diag=3397 rej=2387
[pipeline] derive 5875/6065 gold=65 diag=3412 rej=2397
[pipeline] derive 5900/6065 gold=66 diag=3430 rej=2403
[pipeline] derive 5925/6065 gold=66 diag=3445 rej=2413
[pipeline] derive 5950/6065 gold=66 diag=3467 rej=2416
[pipeline] derive 5975/6065 gold=66 diag=3477 rej=2431
[pipeline] derive 6000/6065 gold=66 diag=3489 rej=2444
[pipeline] derive 6025/6065 gold=66 diag=3501 rej=2457
[pipeline] derive 6050/6065 gold=69 diag=3517 rej=2463
[pipeline] derive 6065/6065 gold=69 diag=3526 rej=2469
[pipeline] STAGE 6 splits+leakage: 3596 accepted (gold=69 diag=3527 rej=2469)
[pipeline] STAGE 9 selection+active+eval
[pipeline] STAGE 11 warmup
[pipeline] DONE run_summary.json written
[pipeline] SENTINEL written
