[pipeline] STAGE 4+5 derive/canonicalize/gates: 5976 rows
[pipeline] derive 25/5976 gold=13 diag=7 rej=4
[pipeline] derive 50/5976 gold=32 diag=8 rej=9
[pipeline] derive 75/5976 gold=33 diag=32 rej=9
[pipeline] derive 100/5976 gold=33 diag=56 rej=10
[pipeline] derive 125/5976 gold=33 diag=74 rej=17
[pipeline] derive 150/5976 gold=34 diag=87 rej=28
[pipeline] derive 175/5976 gold=35 diag=103 rej=36
[pipeline] derive 200/5976 gold=35 diag=111 rej=53
[pipeline] derive 225/5976 gold=37 diag=124 rej=63
[pipeline] derive 250/5976 gold=37 diag=146 rej=66
[pipeline] derive 275/5976 gold=37 diag=154 rej=83
[pipeline] derive 300/5976 gold=37 diag=174 rej=88
[pipeline] derive 325/5976 gold=37 diag=189 rej=98
[pipeline] derive 350/5976 gold=37 diag=203 rej=109
[pipeline] derive 375/5976 gold=38 diag=219 rej=117
[pipeline] derive 400/5976 gold=38 diag=224 rej=137
[pipeline] derive 425/5976 gold=38 diag=244 rej=142
[pipeline] derive 450/5976 gold=38 diag=260 rej=151
[pipeline] derive 475/5976 gold=38 diag=278 rej=158
[pipeline] derive 500/5976 gold=38 diag=301 rej=160
[pipeline] derive 525/5976 gold=38 diag=320 rej=166
[pipeline] derive 550/5976 gold=38 diag=336 rej=175
[pipeline] derive 575/5976 gold=38 diag=350 rej=186
[pipeline] derive 600/5976 gold=38 diag=363 rej=198
[pipeline] derive 625/5976 gold=38 diag=375 rej=211
[pipeline] derive 650/5976 gold=38 diag=390 rej=221
[pipeline] derive 675/5976 gold=38 diag=395 rej=241
[pipeline] derive 700/5976 gold=38 diag=418 rej=243
[pipeline] derive 725/5976 gold=38 diag=435 rej=251
[pipeline] derive 750/5976 gold=38 diag=447 rej=264
[pipeline] derive 775/5976 gold=38 diag=461 rej=275
[pipeline] derive 800/5976 gold=38 diag=481 rej=280
[pipeline] derive 825/5976 gold=38 diag=496 rej=290
[pipeline] derive 850/5976 gold=38 diag=515 rej=296
[pipeline] derive 875/5976 gold=38 diag=536 rej=300
[pipeline] derive 900/5976 gold=38 diag=550 rej=311
[pipeline] derive 925/5976 gold=38 diag=564 rej=322
[pipeline] derive 950/5976 gold=38 diag=576 rej=335
[pipeline] derive 975/5976 gold=38 diag=592 rej=344
[pipeline] derive 1000/5976 gold=38 diag=604 rej=357
[pipeline] derive 1025/5976 gold=38 diag=619 rej=367
[pipeline] derive 1050/5976 gold=38 diag=636 rej=375
[pipeline] derive 1075/5976 gold=38 diag=650 rej=386
[pipeline] derive 1100/5976 gold=38 diag=664 rej=397
[pipeline] derive 1125/5976 gold=38 diag=679 rej=407
[pipeline] derive 1150/5976 gold=38 diag=692 rej=419
[pipeline] derive 1175/5976 gold=38 diag=705 rej=431
[pipeline] derive 1200/5976 gold=38 diag=713 rej=448
[pipeline] derive 1225/5976 gold=38 diag=727 rej=459
[pipeline] derive 1250/5976 gold=38 diag=736 rej=475
[pipeline] derive 1275/5976 gold=38 diag=749 rej=487
[pipeline] derive 1300/5976 gold=38 diag=760 rej=501
[pipeline] derive 1325/5976 gold=38 diag=770 rej=516
[pipeline] derive 1350/5976 gold=38 diag=784 rej=527
[pipeline] derive 1375/5976 gold=38 diag=804 rej=532
[pipeline] derive 1400/5976 gold=38 diag=816 rej=545
[pipeline] derive 1425/5976 gold=38 diag=829 rej=557
[pipeline] derive 1450/5976 gold=38 diag=845 rej=566
[pipeline] derive 1475/5976 gold=38 diag=856 rej=580
[pipeline] derive 1500/5976 gold=38 diag=879 rej=582
[pipeline] derive 1525/5976 gold=38 diag=887 rej=599
[pipeline] derive 1550/5976 gold=38 diag=901 rej=610
[pipeline] derive 1575/5976 gold=38 diag=919 rej=617
[pipeline] derive 1600/5976 gold=38 diag=933 rej=628
[pipeline] derive 1625/5976 gold=38 diag=947 rej=639
[pipeline] derive 1650/5976 gold=38 diag=959 rej=652
[pipeline] derive 1675/5976 gold=38 diag=975 rej=661
[pipeline] derive 1700/5976 gold=38 diag=993 rej=668
[pipeline] derive 1725/5976 gold=38 diag=1010 rej=676
[pipeline] derive 1750/5976 gold=38 diag=1022 rej=689
[pipeline] derive 1775/5976 gold=38 diag=1040 rej=696
[pipeline] derive 1800/5976 gold=38 diag=1051 rej=710
[pipeline] derive 1825/5976 gold=38 diag=1067 rej=719
[pipeline] derive 1850/5976 gold=38 diag=1085 rej=726
[pipeline] derive 1875/5976 gold=38 diag=1102 rej=734
[pipeline] derive 1900/5976 gold=38 diag=1117 rej=744
[pipeline] derive 1925/5976 gold=38 diag=1135 rej=751
[pipeline] derive 1950/5976 gold=38 diag=1149 rej=762
[pipeline] derive 1975/5976 gold=38 diag=1166 rej=770
[pipeline] derive 2000/5976 gold=38 diag=1180 rej=781
[pipeline] derive 2025/5976 gold=38 diag=1195 rej=791
[pipeline] derive 2050/5976 gold=38 diag=1209 rej=802
[pipeline] derive 2075/5976 gold=38 diag=1222 rej=814
[pipeline] derive 2100/5976 gold=38 diag=1239 rej=822
[pipeline] derive 2125/5976 gold=38 diag=1254 rej=832
[pipeline] derive 2150/5976 gold=38 diag=1270 rej=841
[pipeline] derive 2175/5976 gold=38 diag=1287 rej=849
[pipeline] derive 2200/5976 gold=38 diag=1303 rej=858
[pipeline] derive 2225/5976 gold=38 diag=1317 rej=869
[pipeline] derive 2250/5976 gold=38 diag=1333 rej=878
[pipeline] derive 2275/5976 gold=38 diag=1353 rej=883
[pipeline] derive 2300/5976 gold=38 diag=1368 rej=893
[pipeline] derive 2325/5976 gold=38 diag=1384 rej=902
[pipeline] derive 2350/5976 gold=38 diag=1397 rej=914
[pipeline] derive 2375/5976 gold=38 diag=1409 rej=927
[pipeline] derive 2400/5976 gold=38 diag=1429 rej=932
[pipeline] derive 2425/5976 gold=38 diag=1446 rej=940
[pipeline] derive 2450/5976 gold=38 diag=1462 rej=949
[pipeline] derive 2475/5976 gold=38 diag=1479 rej=957
[pipeline] derive 2500/5976 gold=38 diag=1486 rej=975
[pipeline] derive 2525/5976 gold=38 diag=1502 rej=984
[pipeline] derive 2550/5976 gold=38 diag=1515 rej=996
[pipeline] derive 2575/5976 gold=38 diag=1534 rej=1002
[pipeline] derive 2600/5976 gold=38 diag=1549 rej=1012
[pipeline] derive 2625/5976 gold=38 diag=1562 rej=1024
[pipeline] derive 2650/5976 gold=38 diag=1581 rej=1030
[pipeline] derive 2675/5976 gold=38 diag=1593 rej=1043
[pipeline] derive 2700/5976 gold=38 diag=1604 rej=1057
[pipeline] derive 2725/5976 gold=38 diag=1624 rej=1062
[pipeline] derive 2750/5976 gold=38 diag=1642 rej=1069
[pipeline] derive 2775/5976 gold=38 diag=1651 rej=1085
[pipeline] derive 2800/5976 gold=38 diag=1658 rej=1103
[pipeline] derive 2825/5976 gold=38 diag=1677 rej=1109
[pipeline] derive 2850/5976 gold=38 diag=1688 rej=1123
[pipeline] derive 2875/5976 gold=38 diag=1705 rej=1131
[pipeline] derive 2900/5976 gold=38 diag=1714 rej=1147
[pipeline] derive 2925/5976 gold=38 diag=1724 rej=1162
[pipeline] derive 2950/5976 gold=38 diag=1737 rej=1174
[pipeline] derive 2975/5976 gold=38 diag=1749 rej=1187
[pipeline] derive 3000/5976 gold=38 diag=1758 rej=1203
[pipeline] derive 3025/5976 gold=38 diag=1771 rej=1215
[pipeline] derive 3050/5976 gold=38 diag=1787 rej=1224
[pipeline] derive 3075/5976 gold=38 diag=1799 rej=1237
[pipeline] derive 3100/5976 gold=38 diag=1812 rej=1249
[pipeline] derive 3125/5976 gold=38 diag=1827 rej=1259
[pipeline] derive 3150/5976 gold=38 diag=1844 rej=1267
[pipeline] derive 3175/5976 gold=38 diag=1860 rej=1276
[pipeline] derive 3200/5976 gold=38 diag=1872 rej=1289
[pipeline] derive 3225/5976 gold=38 diag=1893 rej=1293
[pipeline] derive 3250/5976 gold=39 diag=1909 rej=1301
[pipeline] derive 3275/5976 gold=39 diag=1924 rej=1311
[pipeline] derive 3300/5976 gold=39 diag=1942 rej=1318
[pipeline] derive 3325/5976 gold=40 diag=1957 rej=1327
[pipeline] derive 3350/5976 gold=40 diag=1974 rej=1335
[pipeline] derive 3375/5976 gold=40 diag=1985 rej=1349
[pipeline] derive 3400/5976 gold=40 diag=2000 rej=1359
[pipeline] derive 3425/5976 gold=40 diag=2017 rej=1367
[pipeline] derive 3450/5976 gold=41 diag=2035 rej=1373
[pipeline] derive 3475/5976 gold=41 diag=2051 rej=1382
[pipeline] derive 3500/5976 gold=41 diag=2070 rej=1388
[pipeline] derive 3525/5976 gold=41 diag=2087 rej=1396
[pipeline] derive 3550/5976 gold=41 diag=2102 rej=1406
[pipeline] derive 3575/5976 gold=43 diag=2122 rej=1409
[pipeline] derive 3600/5976 gold=44 diag=2143 rej=1412
[pipeline] derive 3625/5976 gold=44 diag=2163 rej=1417
[pipeline] derive 3650/5976 gold=44 diag=2182 rej=1423
[pipeline] derive 3675/5976 gold=44 diag=2201 rej=1429
[pipeline] derive 3700/5976 gold=45 diag=2222 rej=1432
[pipeline] derive 3725/5976 gold=45 diag=2240 rej=1439
[pipeline] derive 3750/5976 gold=45 diag=2257 rej=1447
[pipeline] derive 3775/5976 gold=45 diag=2273 rej=1456
[pipeline] derive 3800/5976 gold=45 diag=2289 rej=1465
[pipeline] derive 3825/5976 gold=46 diag=2310 rej=1468
[pipeline] derive 3850/5976 gold=46 diag=2325 rej=1478
[pipeline] derive 3875/5976 gold=46 diag=2347 rej=1481
[pipeline] derive 3900/5976 gold=46 diag=2365 rej=1488
[pipeline] derive 3925/5976 gold=47 diag=2380 rej=1497
[pipeline] derive 3950/5976 gold=47 diag=2398 rej=1504
[pipeline] derive 3975/5976 gold=48 diag=2419 rej=1507
[pipeline] derive 4000/5976 gold=49 diag=2436 rej=1514
[pipeline] derive 4025/5976 gold=49 diag=2454 rej=1521
[pipeline] derive 4050/5976 gold=50 diag=2472 rej=1527
[pipeline] derive 4075/5976 gold=50 diag=2490 rej=1534
[pipeline] derive 4100/5976 gold=50 diag=2510 rej=1539
[pipeline] derive 4125/5976 gold=50 diag=2533 rej=1541
[pipeline] derive 4150/5976 gold=50 diag=2555 rej=1544
[pipeline] derive 4175/5976 gold=50 diag=2576 rej=1548
[pipeline] derive 4200/5976 gold=50 diag=2597 rej=1552
[pipeline] derive 4225/5976 gold=50 diag=2610 rej=1564
[pipeline] derive 4250/5976 gold=50 diag=2622 rej=1577
[pipeline] derive 4275/5976 gold=52 diag=2631 rej=1591
[pipeline] derive 4300/5976 gold=54 diag=2632 rej=1613
[pipeline] derive 4325/5976 gold=55 diag=2644 rej=1625
[pipeline] derive 4350/5976 gold=56 diag=2652 rej=1641
[pipeline] derive 4375/5976 gold=58 diag=2656 rej=1660
[pipeline] derive 4400/5976 gold=59 diag=2667 rej=1673
[pipeline] derive 4425/5976 gold=59 diag=2676 rej=1689
[pipeline] derive 4450/5976 gold=59 diag=2689 rej=1701
[pipeline] derive 4475/5976 gold=59 diag=2692 rej=1723
[pipeline] derive 4500/5976 gold=59 diag=2695 rej=1745
[pipeline] derive 4525/5976 gold=59 diag=2713 rej=1752
[pipeline] derive 4550/5976 gold=61 diag=2726 rej=1762
[pipeline] derive 4575/5976 gold=61 diag=2735 rej=1778
[pipeline] derive 4600/5976 gold=62 diag=2742 rej=1795
[pipeline] derive 4625/5976 gold=62 diag=2750 rej=1812
[pipeline] derive 4650/5976 gold=62 diag=2755 rej=1832
[pipeline] derive 4675/5976 gold=62 diag=2765 rej=1847
[pipeline] derive 4700/5976 gold=62 diag=2770 rej=1867
[pipeline] derive 4725/5976 gold=62 diag=2772 rej=1890
[pipeline] derive 4750/5976 gold=63 diag=2778 rej=1908
[pipeline] derive 4775/5976 gold=63 diag=2781 rej=1930
[pipeline] derive 4800/5976 gold=64 diag=2796 rej=1939
[pipeline] derive 4825/5976 gold=64 diag=2805 rej=1955
[pipeline] derive 4850/5976 gold=64 diag=2814 rej=1971
[pipeline] derive 4875/5976 gold=66 diag=2822 rej=1986
[pipeline] derive 4900/5976 gold=66 diag=2829 rej=2004
[pipeline] derive 4925/5976 gold=66 diag=2836 rej=2022
[pipeline] derive 4950/5976 gold=66 diag=2849 rej=2034
[pipeline] derive 4975/5976 gold=66 diag=2869 rej=2039
[pipeline] derive 5000/5976 gold=66 diag=2881 rej=2052
[pipeline] derive 5025/5976 gold=66 diag=2891 rej=2067
[pipeline] derive 5050/5976 gold=66 diag=2904 rej=2079
[pipeline] derive 5075/5976 gold=66 diag=2918 rej=2090
[pipeline] derive 5100/5976 gold=66 diag=2934 rej=2099
[pipeline] derive 5125/5976 gold=66 diag=2951 rej=2107
[pipeline] derive 5150/5976 gold=66 diag=2973 rej=2110
[pipeline] derive 5175/5976 gold=66 diag=2991 rej=2117
[pipeline] derive 5200/5976 gold=66 diag=2999 rej=2134
[pipeline] derive 5225/5976 gold=66 diag=3018 rej=2140
[pipeline] derive 5250/5976 gold=66 diag=3032 rej=2151
[pipeline] derive 5275/5976 gold=66 diag=3049 rej=2159
[pipeline] derive 5300/5976 gold=66 diag=3066 rej=2167
[pipeline] derive 5325/5976 gold=66 diag=3081 rej=2177
[pipeline] derive 5350/5976 gold=66 diag=3096 rej=2187
[pipeline] derive 5375/5976 gold=66 diag=3108 rej=2200
[pipeline] derive 5400/5976 gold=66 diag=3120 rej=2213
[pipeline] derive 5425/5976 gold=66 diag=3132 rej=2226
[pipeline] derive 5450/5976 gold=66 diag=3146 rej=2237
[pipeline] derive 5475/5976 gold=66 diag=3160 rej=2248
[pipeline] derive 5500/5976 gold=66 diag=3178 rej=2255
[pipeline] derive 5525/5976 gold=66 diag=3195 rej=2263
[pipeline] derive 5550/5976 gold=66 diag=3205 rej=2278
[pipeline] derive 5575/5976 gold=66 diag=3211 rej=2297
[pipeline] derive 5600/5976 gold=66 diag=3222 rej=2311
[pipeline] derive 5625/5976 gold=66 diag=3228 rej=2330
[pipeline] derive 5650/5976 gold=66 diag=3245 rej=2338
[pipeline] derive 5675/5976 gold=66 diag=3258 rej=2350
[pipeline] derive 5700/5976 gold=66 diag=3274 rej=2359
[pipeline] derive 5725/5976 gold=66 diag=3295 rej=2363
[pipeline] derive 5750/5976 gold=66 diag=3308 rej=2375
[pipeline] derive 5775/5976 gold=66 diag=3322 rej=2386
[pipeline] derive 5800/5976 gold=66 diag=3338 rej=2395
[pipeline] derive 5825/5976 gold=66 diag=3355 rej=2403
[pipeline] derive 5850/5976 gold=66 diag=3365 rej=2418
[pipeline] derive 5875/5976 gold=66 diag=3380 rej=2428
[pipeline] derive 5900/5976 gold=67 diag=3398 rej=2434
[pipeline] derive 5925/5976 gold=67 diag=3413 rej=2444
[pipeline] derive 5950/5976 gold=67 diag=3435 rej=2447
[pipeline] derive 5975/5976 gold=67 diag=3445 rej=2462
[pipeline] derive 5976/5976 gold=67 diag=3445 rej=2463
[pipeline] STAGE 6 splits+leakage: 3513 accepted (gold=67 diag=3446 rej=2463)
[pipeline] STAGE 9 selection+active+eval
[pipeline] STAGE 11 warmup
[pipeline] DONE run_summary.json written
[pipeline] SENTINEL written
