[pipeline] STAGE 4+5 derive/canonicalize/gates: 7760 rows
[pipeline] derive 25/7760 gold=13 diag=7 rej=4
[pipeline] derive 50/7760 gold=33 diag=8 rej=8
[pipeline] derive 75/7760 gold=34 diag=32 rej=8
[pipeline] derive 100/7760 gold=34 diag=56 rej=9
[pipeline] derive 125/7760 gold=34 diag=74 rej=16
[pipeline] derive 150/7760 gold=35 diag=87 rej=27
[pipeline] derive 175/7760 gold=36 diag=103 rej=35
[pipeline] derive 200/7760 gold=36 diag=111 rej=52
[pipeline] derive 225/7760 gold=38 diag=124 rej=62
[pipeline] derive 250/7760 gold=38 diag=149 rej=62
[pipeline] derive 275/7760 gold=38 diag=165 rej=71
[pipeline] derive 300/7760 gold=38 diag=188 rej=73
[pipeline] derive 325/7760 gold=38 diag=203 rej=83
[pipeline] derive 350/7760 gold=38 diag=217 rej=94
[pipeline] derive 375/7760 gold=39 diag=233 rej=102
[pipeline] derive 400/7760 gold=39 diag=238 rej=122
[pipeline] derive 425/7760 gold=40 diag=257 rej=127
[pipeline] derive 450/7760 gold=43 diag=270 rej=136
[pipeline] derive 475/7760 gold=43 diag=288 rej=143
[pipeline] derive 500/7760 gold=44 diag=310 rej=145
[pipeline] derive 525/7760 gold=44 diag=329 rej=151
[pipeline] derive 550/7760 gold=44 diag=345 rej=160
[pipeline] derive 575/7760 gold=45 diag=358 rej=171
[pipeline] derive 600/7760 gold=46 diag=370 rej=183
[pipeline] derive 625/7760 gold=46 diag=382 rej=196
[pipeline] derive 650/7760 gold=46 diag=397 rej=206
[pipeline] derive 675/7760 gold=47 diag=401 rej=226
[pipeline] derive 700/7760 gold=47 diag=424 rej=228
[pipeline] derive 725/7760 gold=48 diag=440 rej=236
[pipeline] derive 750/7760 gold=48 diag=452 rej=249
[pipeline] derive 775/7760 gold=48 diag=466 rej=260
[pipeline] derive 800/7760 gold=50 diag=484 rej=265
[pipeline] derive 825/7760 gold=51 diag=498 rej=275
[pipeline] derive 850/7760 gold=51 diag=517 rej=281
[pipeline] derive 875/7760 gold=51 diag=538 rej=285
[pipeline] derive 900/7760 gold=51 diag=552 rej=296
[pipeline] derive 925/7760 gold=51 diag=566 rej=307
[pipeline] derive 950/7760 gold=51 diag=578 rej=320
[pipeline] derive 975/7760 gold=51 diag=594 rej=329
[pipeline] derive 1000/7760 gold=51 diag=606 rej=342
[pipeline] derive 1025/7760 gold=51 diag=621 rej=352
[pipeline] derive 1050/7760 gold=51 diag=638 rej=360
[pipeline] derive 1075/7760 gold=51 diag=652 rej=371
[pipeline] derive 1100/7760 gold=51 diag=666 rej=382
[pipeline] derive 1125/7760 gold=51 diag=681 rej=392
[pipeline] derive 1150/7760 gold=51 diag=694 rej=404
[pipeline] derive 1175/7760 gold=52 diag=706 rej=416
[pipeline] derive 1200/7760 gold=52 diag=714 rej=433
[pipeline] derive 1225/7760 gold=52 diag=728 rej=444
[pipeline] derive 1250/7760 gold=52 diag=737 rej=460
[pipeline] derive 1275/7760 gold=52 diag=750 rej=472
[pipeline] derive 1300/7760 gold=52 diag=761 rej=486
[pipeline] derive 1325/7760 gold=52 diag=771 rej=501
[pipeline] derive 1350/7760 gold=52 diag=785 rej=512
[pipeline] derive 1375/7760 gold=52 diag=805 rej=517
[pipeline] derive 1400/7760 gold=54 diag=815 rej=530
[pipeline] derive 1425/7760 gold=54 diag=828 rej=542
[pipeline] derive 1450/7760 gold=54 diag=844 rej=551
[pipeline] derive 1475/7760 gold=54 diag=855 rej=565
[pipeline] derive 1500/7760 gold=54 diag=878 rej=567
[pipeline] derive 1525/7760 gold=54 diag=886 rej=584
[pipeline] derive 1550/7760 gold=54 diag=900 rej=595
[pipeline] derive 1575/7760 gold=55 diag=917 rej=602
[pipeline] derive 1600/7760 gold=55 diag=931 rej=613
[pipeline] derive 1625/7760 gold=55 diag=945 rej=624
[pipeline] derive 1650/7760 gold=55 diag=957 rej=637
[pipeline] derive 1675/7760 gold=55 diag=973 rej=646
[pipeline] derive 1700/7760 gold=56 diag=990 rej=653
[pipeline] derive 1725/7760 gold=56 diag=1007 rej=661
[pipeline] derive 1750/7760 gold=57 diag=1018 rej=674
[pipeline] derive 1775/7760 gold=57 diag=1036 rej=681
[pipeline] derive 1800/7760 gold=57 diag=1047 rej=695
[pipeline] derive 1825/7760 gold=57 diag=1063 rej=704
[pipeline] derive 1850/7760 gold=57 diag=1081 rej=711
[pipeline] derive 1875/7760 gold=57 diag=1098 rej=719
[pipeline] derive 1900/7760 gold=58 diag=1112 rej=729
[pipeline] derive 1925/7760 gold=59 diag=1129 rej=736
[pipeline] derive 1950/7760 gold=59 diag=1143 rej=747
[pipeline] derive 1975/7760 gold=59 diag=1160 rej=755
[pipeline] derive 2000/7760 gold=59 diag=1174 rej=766
[pipeline] derive 2025/7760 gold=59 diag=1189 rej=776
[pipeline] derive 2050/7760 gold=59 diag=1203 rej=787
[pipeline] derive 2075/7760 gold=59 diag=1216 rej=799
[pipeline] derive 2100/7760 gold=60 diag=1232 rej=807
[pipeline] derive 2125/7760 gold=60 diag=1247 rej=817
[pipeline] derive 2150/7760 gold=61 diag=1262 rej=826
[pipeline] derive 2175/7760 gold=65 diag=1275 rej=834
[pipeline] derive 2200/7760 gold=65 diag=1291 rej=843
[pipeline] derive 2225/7760 gold=67 diag=1303 rej=854
[pipeline] derive 2250/7760 gold=69 diag=1317 rej=863
[pipeline] derive 2275/7760 gold=71 diag=1335 rej=868
[pipeline] derive 2300/7760 gold=71 diag=1350 rej=878
[pipeline] derive 2325/7760 gold=71 diag=1366 rej=887
[pipeline] derive 2350/7760 gold=72 diag=1378 rej=899
[pipeline] derive 2375/7760 gold=72 diag=1390 rej=912
[pipeline] derive 2400/7760 gold=73 diag=1409 rej=917
[pipeline] derive 2425/7760 gold=73 diag=1426 rej=925
[pipeline] derive 2450/7760 gold=73 diag=1442 rej=934
[pipeline] derive 2475/7760 gold=73 diag=1459 rej=942
[pipeline] derive 2500/7760 gold=73 diag=1466 rej=960
[pipeline] derive 2525/7760 gold=73 diag=1482 rej=969
[pipeline] derive 2550/7760 gold=74 diag=1494 rej=981
[pipeline] derive 2575/7760 gold=76 diag=1511 rej=987
[pipeline] derive 2600/7760 gold=76 diag=1526 rej=997
[pipeline] derive 2625/7760 gold=76 diag=1539 rej=1009
[pipeline] derive 2650/7760 gold=76 diag=1558 rej=1015
[pipeline] derive 2675/7760 gold=76 diag=1570 rej=1028
[pipeline] derive 2700/7760 gold=77 diag=1580 rej=1042
[pipeline] derive 2725/7760 gold=77 diag=1600 rej=1047
[pipeline] derive 2750/7760 gold=77 diag=1618 rej=1054
[pipeline] derive 2775/7760 gold=77 diag=1627 rej=1070
[pipeline] derive 2800/7760 gold=77 diag=1634 rej=1088
[pipeline] derive 2825/7760 gold=77 diag=1653 rej=1094
[pipeline] derive 2850/7760 gold=78 diag=1663 rej=1108
[pipeline] derive 2875/7760 gold=80 diag=1678 rej=1116
[pipeline] derive 2900/7760 gold=80 diag=1687 rej=1132
[pipeline] derive 2925/7760 gold=81 diag=1696 rej=1147
[pipeline] derive 2950/7760 gold=81 diag=1709 rej=1159
[pipeline] derive 2975/7760 gold=82 diag=1720 rej=1172
[pipeline] derive 3000/7760 gold=82 diag=1729 rej=1188
[pipeline] derive 3025/7760 gold=83 diag=1741 rej=1200
[pipeline] derive 3050/7760 gold=84 diag=1756 rej=1209
[pipeline] derive 3075/7760 gold=84 diag=1768 rej=1222
[pipeline] derive 3100/7760 gold=84 diag=1781 rej=1234
[pipeline] derive 3125/7760 gold=84 diag=1796 rej=1244
[pipeline] derive 3150/7760 gold=84 diag=1813 rej=1252
[pipeline] derive 3175/7760 gold=84 diag=1829 rej=1261
[pipeline] derive 3200/7760 gold=84 diag=1841 rej=1274
[pipeline] derive 3225/7760 gold=84 diag=1862 rej=1278
[pipeline] derive 3250/7760 gold=85 diag=1878 rej=1286
[pipeline] derive 3275/7760 gold=85 diag=1893 rej=1296
[pipeline] derive 3300/7760 gold=85 diag=1911 rej=1303
[pipeline] derive 3325/7760 gold=88 diag=1924 rej=1312
[pipeline] derive 3350/7760 gold=89 diag=1940 rej=1320
[pipeline] derive 3375/7760 gold=89 diag=1951 rej=1334
[pipeline] derive 3400/7760 gold=89 diag=1966 rej=1344
[pipeline] derive 3425/7760 gold=90 diag=1982 rej=1352
[pipeline] derive 3450/7760 gold=92 diag=1999 rej=1358
[pipeline] derive 3475/7760 gold=92 diag=2015 rej=1367
[pipeline] derive 3500/7760 gold=93 diag=2033 rej=1373
[pipeline] derive 3525/7760 gold=93 diag=2050 rej=1381
[pipeline] derive 3550/7760 gold=93 diag=2065 rej=1391
[pipeline] derive 3575/7760 gold=95 diag=2085 rej=1394
[pipeline] derive 3600/7760 gold=97 diag=2105 rej=1397
[pipeline] derive 3625/7760 gold=97 diag=2125 rej=1402
[pipeline] derive 3650/7760 gold=97 diag=2144 rej=1408
[pipeline] derive 3675/7760 gold=97 diag=2163 rej=1414
[pipeline] derive 3700/7760 gold=100 diag=2182 rej=1417
[pipeline] derive 3725/7760 gold=100 diag=2200 rej=1424
[pipeline] derive 3750/7760 gold=101 diag=2216 rej=1432
[pipeline] derive 3775/7760 gold=101 diag=2232 rej=1441
[pipeline] derive 3800/7760 gold=102 diag=2247 rej=1450
[pipeline] derive 3825/7760 gold=104 diag=2267 rej=1453
[pipeline] derive 3850/7760 gold=104 diag=2282 rej=1463
[pipeline] derive 3875/7760 gold=106 diag=2302 rej=1466
[pipeline] derive 3900/7760 gold=106 diag=2320 rej=1473
[pipeline] derive 3925/7760 gold=107 diag=2335 rej=1482
[pipeline] derive 3950/7760 gold=107 diag=2353 rej=1489
[pipeline] derive 3975/7760 gold=109 diag=2373 rej=1492
[pipeline] derive 4000/7760 gold=111 diag=2389 rej=1499
[pipeline] derive 4025/7760 gold=112 diag=2406 rej=1506
[pipeline] derive 4050/7760 gold=113 diag=2424 rej=1512
[pipeline] derive 4075/7760 gold=115 diag=2440 rej=1519
[pipeline] derive 4100/7760 gold=115 diag=2460 rej=1524
[pipeline] derive 4125/7760 gold=116 diag=2482 rej=1526
[pipeline] derive 4150/7760 gold=117 diag=2503 rej=1529
[pipeline] derive 4175/7760 gold=120 diag=2521 rej=1533
[pipeline] derive 4200/7760 gold=121 diag=2541 rej=1537
[pipeline] derive 4225/7760 gold=121 diag=2554 rej=1549
[pipeline] derive 4250/7760 gold=121 diag=2566 rej=1562
[pipeline] derive 4275/7760 gold=123 diag=2575 rej=1576
[pipeline] derive 4300/7760 gold=125 diag=2577 rej=1597
[pipeline] derive 4325/7760 gold=126 diag=2590 rej=1608
[pipeline] derive 4350/7760 gold=127 diag=2599 rej=1623
[pipeline] derive 4375/7760 gold=129 diag=2603 rej=1642
[pipeline] derive 4400/7760 gold=130 diag=2616 rej=1653
[pipeline] derive 4425/7760 gold=130 diag=2625 rej=1669
[pipeline] derive 4450/7760 gold=130 diag=2638 rej=1681
[pipeline] derive 4475/7760 gold=130 diag=2642 rej=1702
[pipeline] derive 4500/7760 gold=130 diag=2646 rej=1723
[pipeline] derive 4525/7760 gold=130 diag=2664 rej=1730
[pipeline] derive 4550/7760 gold=132 diag=2677 rej=1740
[pipeline] derive 4575/7760 gold=132 diag=2686 rej=1756
[pipeline] derive 4600/7760 gold=133 diag=2693 rej=1773
[pipeline] derive 4625/7760 gold=133 diag=2701 rej=1790
[pipeline] derive 4650/7760 gold=133 diag=2706 rej=1810
[pipeline] derive 4675/7760 gold=133 diag=2716 rej=1825
[pipeline] derive 4700/7760 gold=133 diag=2722 rej=1844
[pipeline] derive 4725/7760 gold=133 diag=2724 rej=1867
[pipeline] derive 4750/7760 gold=134 diag=2731 rej=1884
[pipeline] derive 4775/7760 gold=134 diag=2734 rej=1906
[pipeline] derive 4800/7760 gold=135 diag=2752 rej=1912
[pipeline] derive 4825/7760 gold=135 diag=2761 rej=1928
[pipeline] derive 4850/7760 gold=135 diag=2773 rej=1941
[pipeline] derive 4875/7760 gold=137 diag=2781 rej=1956
[pipeline] derive 4900/7760 gold=137 diag=2789 rej=1973
[pipeline] derive 4925/7760 gold=137 diag=2796 rej=1991
[pipeline] derive 4950/7760 gold=137 diag=2809 rej=2003
[pipeline] derive 4975/7760 gold=139 diag=2827 rej=2008
[pipeline] derive 5000/7760 gold=140 diag=2838 rej=2021
[pipeline] derive 5025/7760 gold=141 diag=2847 rej=2036
[pipeline] derive 5050/7760 gold=141 diag=2860 rej=2048
[pipeline] derive 5075/7760 gold=141 diag=2874 rej=2059
[pipeline] derive 5100/7760 gold=141 diag=2890 rej=2068
[pipeline] derive 5125/7760 gold=141 diag=2907 rej=2076
[pipeline] derive 5150/7760 gold=143 diag=2927 rej=2079
[pipeline] derive 5175/7760 gold=143 diag=2945 rej=2086
[pipeline] derive 5200/7760 gold=143 diag=2953 rej=2103
[pipeline] derive 5225/7760 gold=143 diag=2972 rej=2109
[pipeline] derive 5250/7760 gold=144 diag=2985 rej=2120
[pipeline] derive 5275/7760 gold=146 diag=3000 rej=2128
[pipeline] derive 5300/7760 gold=147 diag=3016 rej=2136
[pipeline] derive 5325/7760 gold=149 diag=3029 rej=2146
[pipeline] derive 5350/7760 gold=149 diag=3044 rej=2156
[pipeline] derive 5375/7760 gold=149 diag=3056 rej=2169
[pipeline] derive 5400/7760 gold=149 diag=3068 rej=2182
[pipeline] derive 5425/7760 gold=149 diag=3080 rej=2195
[pipeline] derive 5450/7760 gold=149 diag=3094 rej=2206
[pipeline] derive 5475/7760 gold=149 diag=3108 rej=2217
[pipeline] derive 5500/7760 gold=149 diag=3126 rej=2224
[pipeline] derive 5525/7760 gold=149 diag=3143 rej=2232
[pipeline] derive 5550/7760 gold=151 diag=3151 rej=2247
[pipeline] derive 5575/7760 gold=151 diag=3157 rej=2266
[pipeline] derive 5600/7760 gold=151 diag=3168 rej=2280
[pipeline] derive 5625/7760 gold=151 diag=3174 rej=2299
[pipeline] derive 5650/7760 gold=151 diag=3191 rej=2307
[pipeline] derive 5675/7760 gold=152 diag=3203 rej=2319
[pipeline] derive 5700/7760 gold=153 diag=3218 rej=2328
[pipeline] derive 5725/7760 gold=154 diag=3238 rej=2332
[pipeline] derive 5750/7760 gold=154 diag=3251 rej=2344
[pipeline] derive 5775/7760 gold=154 diag=3265 rej=2355
[pipeline] derive 5800/7760 gold=154 diag=3281 rej=2364
[pipeline] derive 5825/7760 gold=156 diag=3296 rej=2372
[pipeline] derive 5850/7760 gold=157 diag=3305 rej=2387
[pipeline] derive 5875/7760 gold=157 diag=3320 rej=2397
[pipeline] derive 5900/7760 gold=158 diag=3338 rej=2403
[pipeline] derive 5925/7760 gold=158 diag=3353 rej=2413
[pipeline] derive 5950/7760 gold=158 diag=3375 rej=2416
[pipeline] derive 5975/7760 gold=158 diag=3385 rej=2431
[pipeline] derive 6000/7760 gold=158 diag=3397 rej=2444
[pipeline] derive 6025/7760 gold=158 diag=3409 rej=2457
[pipeline] derive 6050/7760 gold=162 diag=3424 rej=2463
[pipeline] derive 6075/7760 gold=162 diag=3442 rej=2470
[pipeline] derive 6100/7760 gold=162 diag=3465 rej=2472
[pipeline] derive 6125/7760 gold=162 diag=3476 rej=2486
[pipeline] derive 6150/7760 gold=164 diag=3497 rej=2488
[pipeline] derive 6175/7760 gold=165 diag=3516 rej=2493
[pipeline] derive 6200/7760 gold=165 diag=3539 rej=2495
[pipeline] derive 6225/7760 gold=165 diag=3564 rej=2495
[pipeline] derive 6250/7760 gold=165 diag=3589 rej=2495
[pipeline] derive 6275/7760 gold=165 diag=3614 rej=2495
[pipeline] derive 6300/7760 gold=167 diag=3630 rej=2502
[pipeline] derive 6325/7760 gold=167 diag=3655 rej=2502
[pipeline] derive 6350/7760 gold=168 diag=3678 rej=2503
[pipeline] derive 6375/7760 gold=169 diag=3702 rej=2503
[pipeline] derive 6400/7760 gold=169 diag=3727 rej=2503
[pipeline] derive 6425/7760 gold=170 diag=3751 rej=2503
[pipeline] derive 6450/7760 gold=171 diag=3769 rej=2509
[pipeline] derive 6475/7760 gold=171 diag=3785 rej=2518
[pipeline] derive 6500/7760 gold=171 diag=3804 rej=2524
[pipeline] derive 6525/7760 gold=173 diag=3816 rej=2535
[pipeline] derive 6550/7760 gold=176 diag=3836 rej=2537
[pipeline] derive 6575/7760 gold=177 diag=3853 rej=2544
[pipeline] derive 6600/7760 gold=177 diag=3866 rej=2556
[pipeline] derive 6625/7760 gold=177 diag=3880 rej=2567
[pipeline] derive 6650/7760 gold=177 diag=3891 rej=2581
[pipeline] derive 6675/7760 gold=177 diag=3894 rej=2603
[pipeline] derive 6700/7760 gold=178 diag=3901 rej=2620
[pipeline] derive 6725/7760 gold=178 diag=3917 rej=2629
[pipeline] derive 6750/7760 gold=178 diag=3922 rej=2649
[pipeline] derive 6775/7760 gold=178 diag=3937 rej=2659
[pipeline] derive 6800/7760 gold=178 diag=3960 rej=2661
[pipeline] derive 6825/7760 gold=178 diag=3978 rej=2668
[pipeline] derive 6850/7760 gold=178 diag=3989 rej=2682
[pipeline] derive 6875/7760 gold=178 diag=3997 rej=2699
[pipeline] derive 6900/7760 gold=178 diag=3997 rej=2724
[pipeline] derive 6925/7760 gold=178 diag=3997 rej=2749
[pipeline] derive 6950/7760 gold=178 diag=3997 rej=2774
[pipeline] derive 6975/7760 gold=178 diag=4009 rej=2787
[pipeline] derive 7000/7760 gold=179 diag=4009 rej=2811
[pipeline] derive 7025/7760 gold=179 diag=4011 rej=2834
[pipeline] derive 7050/7760 gold=181 diag=4025 rej=2843
[pipeline] derive 7075/7760 gold=181 diag=4041 rej=2852
[pipeline] derive 7100/7760 gold=181 diag=4055 rej=2863
[pipeline] derive 7125/7760 gold=181 diag=4075 rej=2868
[pipeline] derive 7150/7760 gold=181 diag=4092 rej=2876
[pipeline] derive 7175/7760 gold=181 diag=4107 rej=2886
[pipeline] derive 7200/7760 gold=184 diag=4117 rej=2898
[pipeline] derive 7225/7760 gold=184 diag=4139 rej=2901
[pipeline] derive 7250/7760 gold=184 diag=4162 rej=2903
[pipeline] derive 7275/7760 gold=186 diag=4182 rej=2906
[pipeline] derive 7300/7760 gold=186 diag=4200 rej=2913
[pipeline] derive 7325/7760 gold=188 diag=4203 rej=2933
[pipeline] derive 7350/7760 gold=188 diag=4218 rej=2943
[pipeline] derive 7375/7760 gold=190 diag=4238 rej=2946
[pipeline] derive 7400/7760 gold=191 diag=4252 rej=2956
[pipeline] derive 7425/7760 gold=191 diag=4274 rej=2959
[pipeline] derive 7450/7760 gold=194 diag=4294 rej=2961
[pipeline] derive 7475/7760 gold=198 diag=4311 rej=2965
[pipeline] derive 7500/7760 gold=198 diag=4315 rej=2986
[pipeline] derive 7525/7760 gold=198 diag=4326 rej=3000
[pipeline] derive 7550/7760 gold=198 diag=4339 rej=3012
[pipeline] derive 7575/7760 gold=198 diag=4344 rej=3032
[pipeline] derive 7600/7760 gold=198 diag=4362 rej=3039
[pipeline] derive 7625/7760 gold=198 diag=4369 rej=3057
[pipeline] derive 7650/7760 gold=198 diag=4372 rej=3079
[pipeline] derive 7675/7760 gold=198 diag=4378 rej=3098
[pipeline] derive 7700/7760 gold=198 diag=4383 rej=3118
[pipeline] derive 7725/7760 gold=198 diag=4407 rej=3119
[pipeline] derive 7750/7760 gold=199 diag=4413 rej=3137
[pipeline] derive 7760/7760 gold=203 diag=4416 rej=3140
[pipeline] STAGE 6 splits+leakage: 4620 accepted (gold=204 diag=4416 rej=3140)
[pipeline] STAGE 9 selection+active+eval
[pipeline] STAGE 11 warmup
[pipeline] DONE run_summary.json written
{
  "artifact_root": "/Users/ericwu/Developer/SLM",
  "stages": {
    "2_acquire": {
      "raw_rows": 7760
    },
    "4_5_derive_filter": {
      "candidates": 7760,
      "derived": 7741,
      "canonicalized": 7741,
      "gold": 204,
      "diagnostic_only": 4416,
      "rejected": 3140
    },
    "6_splits_leakage": {
      "split_id": "split_43e6cd41ca0ee35e",
      "leakage_status": "pass",
      "unit_count": 2804
    },
    "9_active_eval": {
      "active_selected": 2777,
      "acceptance_overall": "pending",
      "eval": {
        "eval_set_version": "eval_set_pending_freeze",
        "sizes_target": {
          "headline_supported": 800,
          "headline_unsupported": 200,
          "qualitative": 100
        },
        "slice_counts": {
          "usage_weighted_headline_supported": 382,
          "usage_weighted_headline_unsupported": 0,
          "diagnostic": 282,
          "qualitative": 130
        },
        "headline_eligible_count": 382,
        "diagnostic_only": false,
        "notes": []
      },
      "instruction_generation": null
    },
    "11_warmup": {
      "warmup_set_version": "warmup_set_pending_freeze",
      "pair_count": 7652,
      "reserved_excluded": 0,
      "per_family": {
        "controlled_procedural": 84,
        "gmic_rawtherapee": 384,
        "ppr10k_derived": 4010,
        "fivek_derived": 1076,
        "fresh_luts": 414,
        "smaller_public_packs": 86,
        "scraped_web": 1598
      },
      "target_range": [
        30000,
        100000
      ],
      "target_met": false,
      "token_status": "pending_tokenizer",
      "notes": [
        "7652 pairs (target 30000-100000); expand the train LUT/image pool to reach warmup scale. Tokens pending frozen VQ tokenizer."
      ]
    }
  }
}
