[pipeline] STAGE 4+5 derive/canonicalize/gates: 7760 rows
[pipeline] derive 25/7760 gold=13 diag=7 rej=4
[pipeline] derive 50/7760 gold=33 diag=8 rej=8
[pipeline] derive 75/7760 gold=34 diag=32 rej=8
[pipeline] derive 100/7760 gold=34 diag=56 rej=9
[pipeline] derive 125/7760 gold=34 diag=74 rej=16
[pipeline] derive 150/7760 gold=35 diag=87 rej=27
[pipeline] derive 175/7760 gold=36 diag=103 rej=35
[pipeline] derive 200/7760 gold=36 diag=111 rej=52
[pipeline] derive 225/7760 gold=38 diag=124 rej=62
[pipeline] derive 250/7760 gold=38 diag=149 rej=62
[pipeline] derive 275/7760 gold=38 diag=165 rej=71
[pipeline] derive 300/7760 gold=38 diag=188 rej=73
[pipeline] derive 325/7760 gold=38 diag=203 rej=83
[pipeline] derive 350/7760 gold=38 diag=217 rej=94
[pipeline] derive 375/7760 gold=39 diag=233 rej=102
[pipeline] derive 400/7760 gold=39 diag=238 rej=122
[pipeline] derive 425/7760 gold=39 diag=258 rej=127
[pipeline] derive 450/7760 gold=40 diag=273 rej=136
[pipeline] derive 475/7760 gold=40 diag=291 rej=143
[pipeline] derive 500/7760 gold=41 diag=313 rej=145
[pipeline] derive 525/7760 gold=41 diag=332 rej=151
[pipeline] derive 550/7760 gold=41 diag=348 rej=160
[pipeline] derive 575/7760 gold=42 diag=361 rej=171
[pipeline] derive 600/7760 gold=42 diag=374 rej=183
[pipeline] derive 625/7760 gold=42 diag=386 rej=196
[pipeline] derive 650/7760 gold=42 diag=401 rej=206
[pipeline] derive 675/7760 gold=42 diag=406 rej=226
[pipeline] derive 700/7760 gold=42 diag=429 rej=228
[pipeline] derive 725/7760 gold=43 diag=445 rej=236
[pipeline] derive 750/7760 gold=43 diag=457 rej=249
[pipeline] derive 775/7760 gold=43 diag=471 rej=260
[pipeline] derive 800/7760 gold=43 diag=491 rej=265
[pipeline] derive 825/7760 gold=44 diag=505 rej=275
[pipeline] derive 850/7760 gold=44 diag=524 rej=281
[pipeline] derive 875/7760 gold=44 diag=545 rej=285
[pipeline] derive 900/7760 gold=44 diag=559 rej=296
[pipeline] derive 925/7760 gold=44 diag=573 rej=307
[pipeline] derive 950/7760 gold=44 diag=585 rej=320
[pipeline] derive 975/7760 gold=44 diag=601 rej=329
[pipeline] derive 1000/7760 gold=44 diag=613 rej=342
[pipeline] derive 1025/7760 gold=44 diag=628 rej=352
[pipeline] derive 1050/7760 gold=44 diag=645 rej=360
[pipeline] derive 1075/7760 gold=44 diag=659 rej=371
[pipeline] derive 1100/7760 gold=44 diag=673 rej=382
[pipeline] derive 1125/7760 gold=44 diag=688 rej=392
[pipeline] derive 1150/7760 gold=44 diag=701 rej=404
[pipeline] derive 1175/7760 gold=44 diag=714 rej=416
[pipeline] derive 1200/7760 gold=44 diag=722 rej=433
[pipeline] derive 1225/7760 gold=44 diag=736 rej=444
[pipeline] derive 1250/7760 gold=44 diag=745 rej=460
[pipeline] derive 1275/7760 gold=44 diag=758 rej=472
[pipeline] derive 1300/7760 gold=44 diag=769 rej=486
[pipeline] derive 1325/7760 gold=44 diag=779 rej=501
[pipeline] derive 1350/7760 gold=44 diag=793 rej=512
[pipeline] derive 1375/7760 gold=44 diag=813 rej=517
[pipeline] derive 1400/7760 gold=44 diag=825 rej=530
[pipeline] derive 1425/7760 gold=44 diag=838 rej=542
[pipeline] derive 1450/7760 gold=44 diag=854 rej=551
[pipeline] derive 1475/7760 gold=44 diag=865 rej=565
[pipeline] derive 1500/7760 gold=44 diag=888 rej=567
[pipeline] derive 1525/7760 gold=44 diag=896 rej=584
[pipeline] derive 1550/7760 gold=44 diag=910 rej=595
[pipeline] derive 1575/7760 gold=45 diag=927 rej=602
[pipeline] derive 1600/7760 gold=45 diag=941 rej=613
[pipeline] derive 1625/7760 gold=45 diag=955 rej=624
[pipeline] derive 1650/7760 gold=45 diag=967 rej=637
[pipeline] derive 1675/7760 gold=45 diag=983 rej=646
[pipeline] derive 1700/7760 gold=45 diag=1001 rej=653
[pipeline] derive 1725/7760 gold=45 diag=1018 rej=661
[pipeline] derive 1750/7760 gold=45 diag=1030 rej=674
[pipeline] derive 1775/7760 gold=45 diag=1048 rej=681
[pipeline] derive 1800/7760 gold=45 diag=1059 rej=695
[pipeline] derive 1825/7760 gold=45 diag=1075 rej=704
[pipeline] derive 1850/7760 gold=45 diag=1093 rej=711
[pipeline] derive 1875/7760 gold=45 diag=1110 rej=719
[pipeline] derive 1900/7760 gold=45 diag=1125 rej=729
[pipeline] derive 1925/7760 gold=45 diag=1143 rej=736
[pipeline] derive 1950/7760 gold=45 diag=1157 rej=747
[pipeline] derive 1975/7760 gold=45 diag=1174 rej=755
[pipeline] derive 2000/7760 gold=45 diag=1188 rej=766
[pipeline] derive 2025/7760 gold=45 diag=1203 rej=776
[pipeline] derive 2050/7760 gold=45 diag=1217 rej=787
[pipeline] derive 2075/7760 gold=45 diag=1230 rej=799
[pipeline] derive 2100/7760 gold=46 diag=1246 rej=807
[pipeline] derive 2125/7760 gold=46 diag=1261 rej=817
[pipeline] derive 2150/7760 gold=46 diag=1277 rej=826
[pipeline] derive 2175/7760 gold=48 diag=1292 rej=834
[pipeline] derive 2200/7760 gold=48 diag=1308 rej=843
[pipeline] derive 2225/7760 gold=48 diag=1322 rej=854
[pipeline] derive 2250/7760 gold=48 diag=1338 rej=863
[pipeline] derive 2275/7760 gold=48 diag=1358 rej=868
[pipeline] derive 2300/7760 gold=48 diag=1373 rej=878
[pipeline] derive 2325/7760 gold=48 diag=1389 rej=887
[pipeline] derive 2350/7760 gold=48 diag=1402 rej=899
[pipeline] derive 2375/7760 gold=48 diag=1414 rej=912
[pipeline] derive 2400/7760 gold=48 diag=1434 rej=917
[pipeline] derive 2425/7760 gold=48 diag=1451 rej=925
[pipeline] derive 2450/7760 gold=48 diag=1467 rej=934
[pipeline] derive 2475/7760 gold=48 diag=1484 rej=942
[pipeline] derive 2500/7760 gold=48 diag=1491 rej=960
[pipeline] derive 2525/7760 gold=48 diag=1507 rej=969
[pipeline] derive 2550/7760 gold=48 diag=1520 rej=981
[pipeline] derive 2575/7760 gold=48 diag=1539 rej=987
[pipeline] derive 2600/7760 gold=48 diag=1554 rej=997
[pipeline] derive 2625/7760 gold=48 diag=1567 rej=1009
[pipeline] derive 2650/7760 gold=48 diag=1586 rej=1015
[pipeline] derive 2675/7760 gold=48 diag=1598 rej=1028
[pipeline] derive 2700/7760 gold=48 diag=1609 rej=1042
[pipeline] derive 2725/7760 gold=48 diag=1629 rej=1047
[pipeline] derive 2750/7760 gold=48 diag=1647 rej=1054
[pipeline] derive 2775/7760 gold=48 diag=1656 rej=1070
[pipeline] derive 2800/7760 gold=48 diag=1663 rej=1088
[pipeline] derive 2825/7760 gold=48 diag=1682 rej=1094
[pipeline] derive 2850/7760 gold=48 diag=1693 rej=1108
[pipeline] derive 2875/7760 gold=48 diag=1710 rej=1116
[pipeline] derive 2900/7760 gold=48 diag=1719 rej=1132
[pipeline] derive 2925/7760 gold=48 diag=1729 rej=1147
[pipeline] derive 2950/7760 gold=48 diag=1742 rej=1159
[pipeline] derive 2975/7760 gold=48 diag=1754 rej=1172
[pipeline] derive 3000/7760 gold=48 diag=1763 rej=1188
[pipeline] derive 3025/7760 gold=48 diag=1776 rej=1200
[pipeline] derive 3050/7760 gold=48 diag=1792 rej=1209
[pipeline] derive 3075/7760 gold=48 diag=1804 rej=1222
[pipeline] derive 3100/7760 gold=48 diag=1817 rej=1234
[pipeline] derive 3125/7760 gold=48 diag=1832 rej=1244
[pipeline] derive 3150/7760 gold=48 diag=1849 rej=1252
[pipeline] derive 3175/7760 gold=48 diag=1865 rej=1261
[pipeline] derive 3200/7760 gold=48 diag=1877 rej=1274
[pipeline] derive 3225/7760 gold=48 diag=1898 rej=1278
[pipeline] derive 3250/7760 gold=49 diag=1914 rej=1286
[pipeline] derive 3275/7760 gold=49 diag=1929 rej=1296
[pipeline] derive 3300/7760 gold=49 diag=1947 rej=1303
[pipeline] derive 3325/7760 gold=50 diag=1962 rej=1312
[pipeline] derive 3350/7760 gold=50 diag=1979 rej=1320
[pipeline] derive 3375/7760 gold=50 diag=1990 rej=1334
[pipeline] derive 3400/7760 gold=50 diag=2005 rej=1344
[pipeline] derive 3425/7760 gold=50 diag=2022 rej=1352
[pipeline] derive 3450/7760 gold=51 diag=2040 rej=1358
[pipeline] derive 3475/7760 gold=51 diag=2056 rej=1367
[pipeline] derive 3500/7760 gold=52 diag=2074 rej=1373
[pipeline] derive 3525/7760 gold=52 diag=2091 rej=1381
[pipeline] derive 3550/7760 gold=52 diag=2106 rej=1391
[pipeline] derive 3575/7760 gold=54 diag=2126 rej=1394
[pipeline] derive 3600/7760 gold=55 diag=2147 rej=1397
[pipeline] derive 3625/7760 gold=55 diag=2167 rej=1402
[pipeline] derive 3650/7760 gold=55 diag=2186 rej=1408
[pipeline] derive 3675/7760 gold=55 diag=2205 rej=1414
[pipeline] derive 3700/7760 gold=57 diag=2225 rej=1417
[pipeline] derive 3725/7760 gold=57 diag=2243 rej=1424
[pipeline] derive 3750/7760 gold=58 diag=2259 rej=1432
[pipeline] derive 3775/7760 gold=58 diag=2275 rej=1441
[pipeline] derive 3800/7760 gold=59 diag=2290 rej=1450
[pipeline] derive 3825/7760 gold=60 diag=2311 rej=1453
[pipeline] derive 3850/7760 gold=60 diag=2326 rej=1463
[pipeline] derive 3875/7760 gold=62 diag=2346 rej=1466
[pipeline] derive 3900/7760 gold=62 diag=2364 rej=1473
[pipeline] derive 3925/7760 gold=63 diag=2379 rej=1482
[pipeline] derive 3950/7760 gold=63 diag=2397 rej=1489
[pipeline] derive 3975/7760 gold=65 diag=2417 rej=1492
[pipeline] derive 4000/7760 gold=67 diag=2433 rej=1499
[pipeline] derive 4025/7760 gold=67 diag=2451 rej=1506
[pipeline] derive 4050/7760 gold=68 diag=2469 rej=1512
[pipeline] derive 4075/7760 gold=68 diag=2487 rej=1519
[pipeline] derive 4100/7760 gold=68 diag=2507 rej=1524
[pipeline] derive 4125/7760 gold=68 diag=2530 rej=1526
[pipeline] derive 4150/7760 gold=69 diag=2551 rej=1529
[pipeline] derive 4175/7760 gold=71 diag=2570 rej=1533
[pipeline] derive 4200/7760 gold=72 diag=2590 rej=1537
[pipeline] derive 4225/7760 gold=72 diag=2603 rej=1549
[pipeline] derive 4250/7760 gold=72 diag=2615 rej=1562
[pipeline] derive 4275/7760 gold=74 diag=2624 rej=1576
[pipeline] derive 4300/7760 gold=76 diag=2626 rej=1597
[pipeline] derive 4325/7760 gold=77 diag=2639 rej=1608
[pipeline] derive 4350/7760 gold=78 diag=2648 rej=1623
[pipeline] derive 4375/7760 gold=80 diag=2652 rej=1642
[pipeline] derive 4400/7760 gold=81 diag=2665 rej=1653
[pipeline] derive 4425/7760 gold=81 diag=2674 rej=1669
[pipeline] derive 4450/7760 gold=81 diag=2687 rej=1681
[pipeline] derive 4475/7760 gold=81 diag=2691 rej=1702
[pipeline] derive 4500/7760 gold=81 diag=2695 rej=1723
[pipeline] derive 4525/7760 gold=81 diag=2713 rej=1730
[pipeline] derive 4550/7760 gold=83 diag=2726 rej=1740
[pipeline] derive 4575/7760 gold=83 diag=2735 rej=1756
[pipeline] derive 4600/7760 gold=84 diag=2742 rej=1773
[pipeline] derive 4625/7760 gold=84 diag=2750 rej=1790
[pipeline] derive 4650/7760 gold=84 diag=2755 rej=1810
[pipeline] derive 4675/7760 gold=84 diag=2765 rej=1825
[pipeline] derive 4700/7760 gold=84 diag=2771 rej=1844
[pipeline] derive 4725/7760 gold=84 diag=2773 rej=1867
[pipeline] derive 4750/7760 gold=85 diag=2780 rej=1884
[pipeline] derive 4775/7760 gold=85 diag=2783 rej=1906
[pipeline] derive 4800/7760 gold=86 diag=2801 rej=1912
[pipeline] derive 4825/7760 gold=86 diag=2810 rej=1928
[pipeline] derive 4850/7760 gold=86 diag=2822 rej=1941
[pipeline] derive 4875/7760 gold=88 diag=2830 rej=1956
[pipeline] derive 4900/7760 gold=88 diag=2838 rej=1973
[pipeline] derive 4925/7760 gold=88 diag=2845 rej=1991
[pipeline] derive 4950/7760 gold=88 diag=2858 rej=2003
[pipeline] derive 4975/7760 gold=88 diag=2878 rej=2008
[pipeline] derive 5000/7760 gold=88 diag=2890 rej=2021
[pipeline] derive 5025/7760 gold=88 diag=2900 rej=2036
[pipeline] derive 5050/7760 gold=88 diag=2913 rej=2048
[pipeline] derive 5075/7760 gold=88 diag=2927 rej=2059
[pipeline] derive 5100/7760 gold=88 diag=2943 rej=2068
[pipeline] derive 5125/7760 gold=88 diag=2960 rej=2076
[pipeline] derive 5150/7760 gold=88 diag=2982 rej=2079
[pipeline] derive 5175/7760 gold=88 diag=3000 rej=2086
[pipeline] derive 5200/7760 gold=88 diag=3008 rej=2103
[pipeline] derive 5225/7760 gold=88 diag=3027 rej=2109
[pipeline] derive 5250/7760 gold=89 diag=3040 rej=2120
[pipeline] derive 5275/7760 gold=89 diag=3057 rej=2128
[pipeline] derive 5300/7760 gold=89 diag=3074 rej=2136
[pipeline] derive 5325/7760 gold=91 diag=3087 rej=2146
[pipeline] derive 5350/7760 gold=91 diag=3102 rej=2156
[pipeline] derive 5375/7760 gold=91 diag=3114 rej=2169
[pipeline] derive 5400/7760 gold=91 diag=3126 rej=2182
[pipeline] derive 5425/7760 gold=91 diag=3138 rej=2195
[pipeline] derive 5450/7760 gold=91 diag=3152 rej=2206
[pipeline] derive 5475/7760 gold=91 diag=3166 rej=2217
[pipeline] derive 5500/7760 gold=91 diag=3184 rej=2224
[pipeline] derive 5525/7760 gold=91 diag=3201 rej=2232
[pipeline] derive 5550/7760 gold=91 diag=3211 rej=2247
[pipeline] derive 5575/7760 gold=91 diag=3217 rej=2266
[pipeline] derive 5600/7760 gold=91 diag=3228 rej=2280
[pipeline] derive 5625/7760 gold=91 diag=3234 rej=2299
[pipeline] derive 5650/7760 gold=91 diag=3251 rej=2307
[pipeline] derive 5675/7760 gold=91 diag=3264 rej=2319
[pipeline] derive 5700/7760 gold=91 diag=3280 rej=2328
[pipeline] derive 5725/7760 gold=91 diag=3301 rej=2332
[pipeline] derive 5750/7760 gold=91 diag=3314 rej=2344
[pipeline] derive 5775/7760 gold=91 diag=3328 rej=2355
[pipeline] derive 5800/7760 gold=91 diag=3344 rej=2364
[pipeline] derive 5825/7760 gold=91 diag=3361 rej=2372
[pipeline] derive 5850/7760 gold=91 diag=3371 rej=2387
[pipeline] derive 5875/7760 gold=91 diag=3386 rej=2397
[pipeline] derive 5900/7760 gold=92 diag=3404 rej=2403
[pipeline] derive 5925/7760 gold=92 diag=3419 rej=2413
[pipeline] derive 5950/7760 gold=92 diag=3441 rej=2416
[pipeline] derive 5975/7760 gold=92 diag=3451 rej=2431
[pipeline] derive 6000/7760 gold=92 diag=3463 rej=2444
[pipeline] derive 6025/7760 gold=92 diag=3475 rej=2457
[pipeline] derive 6050/7760 gold=96 diag=3490 rej=2463
[pipeline] derive 6075/7760 gold=96 diag=3508 rej=2470
[pipeline] derive 6100/7760 gold=96 diag=3531 rej=2472
[pipeline] derive 6125/7760 gold=96 diag=3542 rej=2486
[pipeline] derive 6150/7760 gold=98 diag=3563 rej=2488
[pipeline] derive 6175/7760 gold=99 diag=3582 rej=2493
[pipeline] derive 6200/7760 gold=99 diag=3605 rej=2495
[pipeline] derive 6225/7760 gold=99 diag=3630 rej=2495
[pipeline] derive 6250/7760 gold=99 diag=3655 rej=2495
[pipeline] derive 6275/7760 gold=99 diag=3680 rej=2495
[pipeline] derive 6300/7760 gold=101 diag=3696 rej=2502
[pipeline] derive 6325/7760 gold=101 diag=3721 rej=2502
[pipeline] derive 6350/7760 gold=102 diag=3744 rej=2503
[pipeline] derive 6375/7760 gold=103 diag=3768 rej=2503
[pipeline] derive 6400/7760 gold=103 diag=3793 rej=2503
[pipeline] derive 6425/7760 gold=104 diag=3817 rej=2503
[pipeline] derive 6450/7760 gold=105 diag=3835 rej=2509
[pipeline] derive 6475/7760 gold=105 diag=3851 rej=2518
[pipeline] derive 6500/7760 gold=105 diag=3870 rej=2524
[pipeline] derive 6525/7760 gold=107 diag=3882 rej=2535
[pipeline] derive 6550/7760 gold=110 diag=3902 rej=2537
[pipeline] derive 6575/7760 gold=111 diag=3919 rej=2544
[pipeline] derive 6600/7760 gold=111 diag=3932 rej=2556
[pipeline] derive 6625/7760 gold=111 diag=3946 rej=2567
[pipeline] derive 6650/7760 gold=111 diag=3957 rej=2581
[pipeline] derive 6675/7760 gold=111 diag=3960 rej=2603
[pipeline] derive 6700/7760 gold=112 diag=3967 rej=2620
[pipeline] derive 6725/7760 gold=112 diag=3983 rej=2629
[pipeline] derive 6750/7760 gold=112 diag=3988 rej=2649
[pipeline] derive 6775/7760 gold=112 diag=4003 rej=2659
[pipeline] derive 6800/7760 gold=112 diag=4026 rej=2661
[pipeline] derive 6825/7760 gold=112 diag=4044 rej=2668
[pipeline] derive 6850/7760 gold=112 diag=4055 rej=2682
[pipeline] derive 6875/7760 gold=112 diag=4063 rej=2699
[pipeline] derive 6900/7760 gold=112 diag=4063 rej=2724
[pipeline] derive 6925/7760 gold=112 diag=4063 rej=2749
[pipeline] derive 6950/7760 gold=112 diag=4063 rej=2774
[pipeline] derive 6975/7760 gold=112 diag=4075 rej=2787
[pipeline] derive 7000/7760 gold=113 diag=4075 rej=2811
[pipeline] derive 7025/7760 gold=113 diag=4077 rej=2834
[pipeline] derive 7050/7760 gold=115 diag=4091 rej=2843
[pipeline] derive 7075/7760 gold=115 diag=4107 rej=2852
[pipeline] derive 7100/7760 gold=115 diag=4121 rej=2863
[pipeline] derive 7125/7760 gold=115 diag=4141 rej=2868
[pipeline] derive 7150/7760 gold=115 diag=4158 rej=2876
[pipeline] derive 7175/7760 gold=115 diag=4173 rej=2886
[pipeline] derive 7200/7760 gold=118 diag=4183 rej=2898
[pipeline] derive 7225/7760 gold=118 diag=4205 rej=2901
[pipeline] derive 7250/7760 gold=118 diag=4228 rej=2903
[pipeline] derive 7275/7760 gold=120 diag=4248 rej=2906
[pipeline] derive 7300/7760 gold=120 diag=4266 rej=2913
[pipeline] derive 7325/7760 gold=122 diag=4269 rej=2933
[pipeline] derive 7350/7760 gold=122 diag=4284 rej=2943
[pipeline] derive 7375/7760 gold=124 diag=4304 rej=2946
[pipeline] derive 7400/7760 gold=125 diag=4318 rej=2956
[pipeline] derive 7425/7760 gold=125 diag=4340 rej=2959
[pipeline] derive 7450/7760 gold=128 diag=4360 rej=2961
[pipeline] derive 7475/7760 gold=132 diag=4377 rej=2965
[pipeline] derive 7500/7760 gold=132 diag=4381 rej=2986
[pipeline] derive 7525/7760 gold=132 diag=4392 rej=3000
[pipeline] derive 7550/7760 gold=132 diag=4405 rej=3012
[pipeline] derive 7575/7760 gold=132 diag=4410 rej=3032
[pipeline] derive 7600/7760 gold=132 diag=4428 rej=3039
[pipeline] derive 7625/7760 gold=132 diag=4435 rej=3057
[pipeline] derive 7650/7760 gold=132 diag=4438 rej=3079
[pipeline] derive 7675/7760 gold=132 diag=4444 rej=3098
[pipeline] derive 7700/7760 gold=132 diag=4449 rej=3118
[pipeline] derive 7725/7760 gold=132 diag=4473 rej=3119
[pipeline] derive 7750/7760 gold=133 diag=4479 rej=3137
[pipeline] derive 7760/7760 gold=137 diag=4482 rej=3140
[pipeline] STAGE 6 splits+leakage: 4620 accepted (gold=138 diag=4482 rej=3140)
[pipeline] STAGE 9 selection+active+eval
[pipeline] STAGE 11 warmup
[pipeline] DONE run_summary.json written
{
  "artifact_root": "/Users/ericwu/Developer/SLM",
  "stages": {
    "2_acquire": {
      "raw_rows": 7760
    },
    "4_5_derive_filter": {
      "candidates": 7760,
      "derived": 7741,
      "canonicalized": 7741,
      "gold": 138,
      "diagnostic_only": 4482,
      "rejected": 3140
    },
    "6_splits_leakage": {
      "split_id": "split_43e6cd41ca0ee35e",
      "leakage_status": "pass",
      "unit_count": 2804
    },
    "9_active_eval": {
      "active_selected": 2777,
      "acceptance_overall": "pending",
      "eval": {
        "eval_set_version": "eval_set_pending_freeze",
        "sizes_target": {
          "headline_supported": 800,
          "headline_unsupported": 200,
          "qualitative": 100
        },
        "slice_counts": {
          "usage_weighted_headline_supported": 7,
          "usage_weighted_headline_unsupported": 0,
          "diagnostic": 657,
          "qualitative": 130
        },
        "headline_eligible_count": 7,
        "diagnostic_only": false,
        "notes": []
      },
      "instruction_generation": null
    },
    "11_warmup": {
      "warmup_set_version": "warmup_set_pending_freeze",
      "pair_count": 7652,
      "reserved_excluded": 0,
      "per_family": {
        "controlled_procedural": 84,
        "gmic_rawtherapee": 384,
        "ppr10k_derived": 4010,
        "fivek_derived": 1076,
        "fresh_luts": 414,
        "smaller_public_packs": 86,
        "scraped_web": 1598
      },
      "target_range": [
        30000,
        100000
      ],
      "target_met": false,
      "token_status": "pending_tokenizer",
      "notes": [
        "7652 pairs (target 30000-100000); expand the train LUT/image pool to reach warmup scale. Tokens pending frozen VQ tokenizer."
      ]
    }
  }
}
