{
  "artifact_root": "/Users/ericwu/Developer/SLM",
  "stages": {
    "2_acquire": {
      "raw_rows": 4194
    },
    "4_5_derive_filter": {
      "candidates": 4194,
      "derived": 4177,
      "canonicalized": 4177,
      "gold": 46,
      "diagnostic_only": 2453,
      "rejected": 1695
    },
    "6_splits_leakage": {
      "split_id": "split_062aa53b009d4d40",
      "leakage_status": "pass",
      "unit_count": 1827
    },
    "9_active_eval": {
      "active_selected": 2106,
      "acceptance_overall": "fail",
      "eval": {
        "eval_set_version": "eval_set_pending_freeze",
        "sizes_target": {
          "headline_supported": 800,
          "headline_unsupported": 200,
          "qualitative": 100
        },
        "slice_counts": {
          "usage_weighted_headline_supported": 0,
          "usage_weighted_headline_unsupported": 0,
          "diagnostic": 327,
          "qualitative": 66
        },
        "headline_eligible_count": 0,
        "diagnostic_only": true,
        "notes": [
          "no headline-eligible rows (procedural-only / no gold eval rows): eval set is diagnostic-only"
        ]
      }
    },
    "11_warmup": {
      "warmup_set_version": "warmup_set_pending_freeze",
      "pair_count": 4212,
      "reserved_excluded": 0,
      "per_family": {
        "controlled_procedural": 76,
        "gmic_rawtherapee": 272,
        "ppr10k_derived": 2862,
        "fivek_derived": 1002
      },
      "target_range": [
        30000,
        100000
      ],
      "target_met": false,
      "token_status": "pending_tokenizer",
      "notes": [
        "4212 pairs (target 30000-100000); expand the train LUT/image pool to reach warmup scale. Tokens pending frozen VQ tokenizer."
      ]
    }
  }
}
